# JRE version: OpenJDK Runtime Environment Temurin-17.0.12+7 (17.0.12+7) (build 17.0.12+7)
# Java VM: OpenJDK 64-Bit Server VM Temurin-17.0.12+7 (17.0.12+7, mixed mode, tiered, compressed oops, compressed class ptrs, parallel gc, windows-amd64)
GC Precious Log:
 CPUs: 12 total, 12 available
 Memory: 16253M
 Large Page Support: Disabled
 NUMA Support: Disabled
 Compressed Oops: Enabled (32-bit)
 Alignments: Space 512K, Generation 512K, Heap 2M
 Heap Min Capacity: 100M
 Heap Initial Capacity: 100M
 Heap Max Capacity: 1G
 Pre-touch: Disabled
 Parallel Workers: 10
Heap:
 PSYoungGen      total 3584K, used 2577K [0x00000000eab00000, 0x00000000eb000000, 0x0000000100000000)
  eden space 3072K, 72% used [0x00000000eab00000,0x00000000ead2c540,0x00000000eae00000)
  from space 512K, 68% used [0x00000000eaf80000,0x00000000eafd8000,0x00000000eb000000)
  to   space 1024K, 0% used [0x00000000eae00000,0x00000000eae00000,0x00000000eaf00000)
 ParOldGen       total 182272K, used 118375K [0x00000000c0000000, 0x00000000cb200000, 0x00000000eab00000)
  object space 182272K, 64% used [0x00000000c0000000,0x00000000c7399e98,0x00000000cb200000)
 Metaspace       used 82114K, committed 83520K, reserved 1179648K
  class space    used 8281K, committed 8960K, reserved 1048576K
GC Heap History (20 events):
Event: 16268.513 GC heap before
{Heap before GC invocations=332 (full 17):
 PSYoungGen      total 2048K, used 1536K [0x00000000eab00000, 0x00000000eb880000, 0x0000000100000000)
  eden space 512K, 0% used [0x00000000eab00000,0x00000000eab00000,0x00000000eab80000)
  from space 1536K, 100% used [0x00000000eb000000,0x00000000eb180000,0x00000000eb180000)
  to   space 4608K, 0% used [0x00000000eab80000,0x00000000eab80000,0x00000000eb000000)
 ParOldGen       total 187392K, used 187367K [0x00000000c0000000, 0x00000000cb700000, 0x00000000eab00000)
  object space 187392K, 99% used [0x00000000c0000000,0x00000000cb6f9f38,0x00000000cb700000)
 Metaspace       used 82247K, committed 83584K, reserved 1179648K
  class space    used 8307K, committed 8960K, reserved 1048576K
}
Event: 16268.591 GC heap after
{Heap after GC invocations=332 (full 17):
 PSYoungGen      total 5120K, used 0K [0x00000000eab00000, 0x00000000eb580000, 0x0000000100000000)
  eden space 512K, 0% used [0x00000000eab00000,0x00000000eab00000,0x00000000eab80000)
  from space 4608K, 0% used [0x00000000eab80000,0x00000000eab80000,0x00000000eb000000)
  to   space 5120K, 0% used [0x00000000eb080000,0x00000000eb080000,0x00000000eb580000)
 ParOldGen       total 182272K, used 114872K [0x00000000c0000000, 0x00000000cb200000, 0x00000000eab00000)
  object space 182272K, 63% used [0x00000000c0000000,0x00000000c702e270,0x00000000cb200000)
 Metaspace       used 82105K, committed 83520K, reserved 1179648K
  class space    used 8281K, committed 8960K, reserved 1048576K
}
Event: 16268.595 GC heap before
{Heap before GC invocations=333 (full 17):
 PSYoungGen      total 5120K, used 512K [0x00000000eab00000, 0x00000000eb580000, 0x0000000100000000)
  eden space 512K, 100% used [0x00000000eab00000,0x00000000eab80000,0x00000000eab80000)
  from space 4608K, 0% used [0x00000000eab80000,0x00000000eab80000,0x00000000eb000000)
  to   space 5120K, 0% used [0x00000000eb080000,0x00000000eb080000,0x00000000eb580000)
 ParOldGen       total 182272K, used 114872K [0x00000000c0000000, 0x00000000cb200000, 0x00000000eab00000)
  object space 182272K, 63% used [0x00000000c0000000,0x00000000c702e270,0x00000000cb200000)
 Metaspace       used 82105K, committed 83520K, reserved 1179648K
  class space    used 8281K, committed 8960K, reserved 1048576K
}
Event: 16268.596 GC heap after
{Heap after GC invocations=333 (full 17):
 PSYoungGen      total 1536K, used 608K [0x00000000eab00000, 0x00000000eb180000, 0x0000000100000000)
  eden space 512K, 0% used [0x00000000eab00000,0x00000000eab00000,0x00000000eab80000)
  from space 1024K, 59% used [0x00000000eb080000,0x00000000eb118000,0x00000000eb180000)
  to   space 2048K, 0% used [0x00000000ead80000,0x00000000ead80000,0x00000000eaf80000)
 ParOldGen       total 182272K, used 114872K [0x00000000c0000000, 0x00000000cb200000, 0x00000000eab00000)
  object space 182272K, 63% used [0x00000000c0000000,0x00000000c702e270,0x00000000cb200000)
 Metaspace       used 82105K, committed 83520K, reserved 1179648K
  class space    used 8281K, committed 8960K, reserved 1048576K
}
Event: 16268.597 GC heap before
{Heap before GC invocations=334 (full 17):
 PSYoungGen      total 1536K, used 1120K [0x00000000eab00000, 0x00000000eb180000, 0x0000000100000000)
  eden space 512K, 100% used [0x00000000eab00000,0x00000000eab80000,0x00000000eab80000)
  from space 1024K, 59% used [0x00000000eb080000,0x00000000eb118000,0x00000000eb180000)
  to   space 2048K, 0% used [0x00000000ead80000,0x00000000ead80000,0x00000000eaf80000)
 ParOldGen       total 182272K, used 114872K [0x00000000c0000000, 0x00000000cb200000, 0x00000000eab00000)
  object space 182272K, 63% used [0x00000000c0000000,0x00000000c702e270,0x00000000cb200000)
 Metaspace       used 82105K, committed 83520K, reserved 1179648K
  class space    used 8281K, committed 8960K, reserved 1048576K
}
Event: 16268.598 GC heap after
{Heap after GC invocations=334 (full 17):
 PSYoungGen      total 3072K, used 704K [0x00000000eab00000, 0x00000000eb100000, 0x0000000100000000)
  eden space 1024K, 0% used [0x00000000eab00000,0x00000000eab00000,0x00000000eac00000)
  from space 2048K, 34% used [0x00000000ead80000,0x00000000eae30000,0x00000000eaf80000)
  to   space 1024K, 0% used [0x00000000eb000000,0x00000000eb000000,0x00000000eb100000)
 ParOldGen       total 182272K, used 115384K [0x00000000c0000000, 0x00000000cb200000, 0x00000000eab00000)
  object space 182272K, 63% used [0x00000000c0000000,0x00000000c70ae270,0x00000000cb200000)
 Metaspace       used 82105K, committed 83520K, reserved 1179648K
  class space    used 8281K, committed 8960K, reserved 1048576K
}
Event: 16268.601 GC heap before
{Heap before GC invocations=335 (full 17):
 PSYoungGen      total 3072K, used 1728K [0x00000000eab00000, 0x00000000eb100000, 0x0000000100000000)
  eden space 1024K, 100% used [0x00000000eab00000,0x00000000eac00000,0x00000000eac00000)
  from space 2048K, 34% used [0x00000000ead80000,0x00000000eae30000,0x00000000eaf80000)
  to   space 1024K, 0% used [0x00000000eb000000,0x00000000eb000000,0x00000000eb100000)
 ParOldGen       total 182272K, used 115384K [0x00000000c0000000, 0x00000000cb200000, 0x00000000eab00000)
  object space 182272K, 63% used [0x00000000c0000000,0x00000000c70ae270,0x00000000cb200000)
 Metaspace       used 82111K, committed 83520K, reserved 1179648K
  class space    used 8281K, committed 8960K, reserved 1048576K
}
Event: 16268.602 GC heap after
{Heap after GC invocations=335 (full 17):
 PSYoungGen      total 2560K, used 992K [0x00000000eab00000, 0x00000000eb100000, 0x0000000100000000)
  eden space 1536K, 0% used [0x00000000eab00000,0x00000000eab00000,0x00000000eac80000)
  from space 1024K, 96% used [0x00000000eb000000,0x00000000eb0f8020,0x00000000eb100000)
  to   space 2048K, 0% used [0x00000000ead00000,0x00000000ead00000,0x00000000eaf00000)
 ParOldGen       total 182272K, used 115922K [0x00000000c0000000, 0x00000000cb200000, 0x00000000eab00000)
  object space 182272K, 63% used [0x00000000c0000000,0x00000000c7134b70,0x00000000cb200000)
 Metaspace       used 82111K, committed 83520K, reserved 1179648K
  class space    used 8281K, committed 8960K, reserved 1048576K
}
Event: 16268.605 GC heap before
{Heap before GC invocations=336 (full 17):
 PSYoungGen      total 2560K, used 2528K [0x00000000eab00000, 0x00000000eb100000, 0x0000000100000000)
  eden space 1536K, 100% used [0x00000000eab00000,0x00000000eac80000,0x00000000eac80000)
  from space 1024K, 96% used [0x00000000eb000000,0x00000000eb0f8020,0x00000000eb100000)
  to   space 2048K, 0% used [0x00000000ead00000,0x00000000ead00000,0x00000000eaf00000)
 ParOldGen       total 182272K, used 115922K [0x00000000c0000000, 0x00000000cb200000, 0x00000000eab00000)
  object space 182272K, 63% used [0x00000000c0000000,0x00000000c7134b70,0x00000000cb200000)
 Metaspace       used 82113K, committed 83520K, reserved 1179648K
  class space    used 8281K, committed 8960K, reserved 1048576K
}
Event: 16268.606 GC heap after
{Heap after GC invocations=336 (full 17):
 PSYoungGen      total 4096K, used 480K [0x00000000eab00000, 0x00000000eb080000, 0x0000000100000000)
  eden space 2048K, 0% used [0x00000000eab00000,0x00000000eab00000,0x00000000ead00000)
  from space 2048K, 23% used [0x00000000ead00000,0x00000000ead78000,0x00000000eaf00000)
  to   space 1024K, 0% used [0x00000000eaf80000,0x00000000eaf80000,0x00000000eb080000)
 ParOldGen       total 182272K, used 116845K [0x00000000c0000000, 0x00000000cb200000, 0x00000000eab00000)
  object space 182272K, 64% used [0x00000000c0000000,0x00000000c721b490,0x00000000cb200000)
 Metaspace       used 82113K, committed 83520K, reserved 1179648K
  class space    used 8281K, committed 8960K, reserved 1048576K
}
Event: 16268.608 GC heap before
{Heap before GC invocations=337 (full 17):
 PSYoungGen      total 4096K, used 2528K [0x00000000eab00000, 0x00000000eb080000, 0x0000000100000000)
  eden space 2048K, 100% used [0x00000000eab00000,0x00000000ead00000,0x00000000ead00000)
  from space 2048K, 23% used [0x00000000ead00000,0x00000000ead78000,0x00000000eaf00000)
  to   space 1024K, 0% used [0x00000000eaf80000,0x00000000eaf80000,0x00000000eb080000)
 ParOldGen       total 182272K, used 116845K [0x00000000c0000000, 0x00000000cb200000, 0x00000000eab00000)
  object space 182272K, 64% used [0x00000000c0000000,0x00000000c721b490,0x00000000cb200000)
 Metaspace       used 82114K, committed 83520K, reserved 1179648K
  class space    used 8281K, committed 8960K, reserved 1048576K
}
Event: 16268.609 GC heap after
{Heap after GC invocations=337 (full 17):
 PSYoungGen      total 3072K, used 352K [0x00000000eab00000, 0x00000000eb000000, 0x0000000100000000)
  eden space 2560K, 0% used [0x00000000eab00000,0x00000000eab00000,0x00000000ead80000)
  from space 512K, 68% used [0x00000000eaf80000,0x00000000eafd8000,0x00000000eb000000)
  to   space 512K, 0% used [0x00000000eaf00000,0x00000000eaf00000,0x00000000eaf80000)
 ParOldGen       total 182272K, used 117253K [0x00000000c0000000, 0x00000000cb200000, 0x00000000eab00000)
  object space 182272K, 64% used [0x00000000c0000000,0x00000000c7281490,0x00000000cb200000)
 Metaspace       used 82114K, committed 83520K, reserved 1179648K
  class space    used 8281K, committed 8960K, reserved 1048576K
}
Event: 16268.611 GC heap before
{Heap before GC invocations=338 (full 17):
 PSYoungGen      total 3072K, used 2912K [0x00000000eab00000, 0x00000000eb000000, 0x0000000100000000)
  eden space 2560K, 100% used [0x00000000eab00000,0x00000000ead80000,0x00000000ead80000)
  from space 512K, 68% used [0x00000000eaf80000,0x00000000eafd8000,0x00000000eb000000)
  to   space 512K, 0% used [0x00000000eaf00000,0x00000000eaf00000,0x00000000eaf80000)
 ParOldGen       total 182272K, used 117253K [0x00000000c0000000, 0x00000000cb200000, 0x00000000eab00000)
  object space 182272K, 64% used [0x00000000c0000000,0x00000000c7281490,0x00000000cb200000)
 Metaspace       used 82114K, committed 83520K, reserved 1179648K
  class space    used 8281K, committed 8960K, reserved 1048576K
}
Event: 16268.611 GC heap after
{Heap after GC invocations=338 (full 17):
 PSYoungGen      total 3584K, used 320K [0x00000000eab00000, 0x00000000eb000000, 0x0000000100000000)
  eden space 3072K, 0% used [0x00000000eab00000,0x00000000eab00000,0x00000000eae00000)
  from space 512K, 62% used [0x00000000eaf00000,0x00000000eaf50000,0x00000000eaf80000)
  to   space 512K, 0% used [0x00000000eaf80000,0x00000000eaf80000,0x00000000eb000000)
 ParOldGen       total 182272K, used 117413K [0x00000000c0000000, 0x00000000cb200000, 0x00000000eab00000)
  object space 182272K, 64% used [0x00000000c0000000,0x00000000c72a9490,0x00000000cb200000)
 Metaspace       used 82114K, committed 83520K, reserved 1179648K
  class space    used 8281K, committed 8960K, reserved 1048576K
}
Event: 16268.616 GC heap before
{Heap before GC invocations=339 (full 17):
 PSYoungGen      total 3584K, used 3392K [0x00000000eab00000, 0x00000000eb000000, 0x0000000100000000)
  eden space 3072K, 100% used [0x00000000eab00000,0x00000000eae00000,0x00000000eae00000)
  from space 512K, 62% used [0x00000000eaf00000,0x00000000eaf50000,0x00000000eaf80000)
  to   space 512K, 0% used [0x00000000eaf80000,0x00000000eaf80000,0x00000000eb000000)
 ParOldGen       total 182272K, used 117413K [0x00000000c0000000, 0x00000000cb200000, 0x00000000eab00000)
  object space 182272K, 64% used [0x00000000c0000000,0x00000000c72a9490,0x00000000cb200000)
 Metaspace       used 82114K, committed 83520K, reserved 1179648K
  class space    used 8281K, committed 8960K, reserved 1048576K
}
Event: 16268.617 GC heap after
{Heap after GC invocations=339 (full 17):
 PSYoungGen      total 3584K, used 448K [0x00000000eab00000, 0x00000000eb000000, 0x0000000100000000)
  eden space 3072K, 0% used [0x00000000eab00000,0x00000000eab00000,0x00000000eae00000)
  from space 512K, 87% used [0x00000000eaf80000,0x00000000eaff0000,0x00000000eb000000)
  to   space 512K, 0% used [0x00000000eaf00000,0x00000000eaf00000,0x00000000eaf80000)
 ParOldGen       total 182272K, used 117525K [0x00000000c0000000, 0x00000000cb200000, 0x00000000eab00000)
  object space 182272K, 64% used [0x00000000c0000000,0x00000000c72c5490,0x00000000cb200000)
 Metaspace       used 82114K, committed 83520K, reserved 1179648K
  class space    used 8281K, committed 8960K, reserved 1048576K
}
Event: 16268.624 GC heap before
{Heap before GC invocations=340 (full 17):
 PSYoungGen      total 3584K, used 3520K [0x00000000eab00000, 0x00000000eb000000, 0x0000000100000000)
  eden space 3072K, 100% used [0x00000000eab00000,0x00000000eae00000,0x00000000eae00000)
  from space 512K, 87% used [0x00000000eaf80000,0x00000000eaff0000,0x00000000eb000000)
  to   space 512K, 0% used [0x00000000eaf00000,0x00000000eaf00000,0x00000000eaf80000)
 ParOldGen       total 182272K, used 117525K [0x00000000c0000000, 0x00000000cb200000, 0x00000000eab00000)
  object space 182272K, 64% used [0x00000000c0000000,0x00000000c72c5490,0x00000000cb200000)
 Metaspace       used 82114K, committed 83520K, reserved 1179648K
  class space    used 8281K, committed 8960K, reserved 1048576K
}
Event: 16268.625 GC heap after
{Heap after GC invocations=340 (full 17):
 PSYoungGen      total 3584K, used 506K [0x00000000eab00000, 0x00000000eb000000, 0x0000000100000000)
  eden space 3072K, 0% used [0x00000000eab00000,0x00000000eab00000,0x00000000eae00000)
  from space 512K, 98% used [0x00000000eaf00000,0x00000000eaf7e900,0x00000000eaf80000)
  to   space 512K, 0% used [0x00000000eaf80000,0x00000000eaf80000,0x00000000eb000000)
 ParOldGen       total 182272K, used 117845K [0x00000000c0000000, 0x00000000cb200000, 0x00000000eab00000)
  object space 182272K, 64% used [0x00000000c0000000,0x00000000c7315490,0x00000000cb200000)
 Metaspace       used 82114K, committed 83520K, reserved 1179648K
  class space    used 8281K, committed 8960K, reserved 1048576K
}
Event: 16268.628 GC heap before
{Heap before GC invocations=341 (full 17):
 PSYoungGen      total 3584K, used 3578K [0x00000000eab00000, 0x00000000eb000000, 0x0000000100000000)
  eden space 3072K, 100% used [0x00000000eab00000,0x00000000eae00000,0x00000000eae00000)
  from space 512K, 98% used [0x00000000eaf00000,0x00000000eaf7e900,0x00000000eaf80000)
  to   space 512K, 0% used [0x00000000eaf80000,0x00000000eaf80000,0x00000000eb000000)
 ParOldGen       total 182272K, used 117845K [0x00000000c0000000, 0x00000000cb200000, 0x00000000eab00000)
  object space 182272K, 64% used [0x00000000c0000000,0x00000000c7315490,0x00000000cb200000)
 Metaspace       used 82114K, committed 83520K, reserved 1179648K
  class space    used 8281K, committed 8960K, reserved 1048576K
}
Event: 16268.628 GC heap after
{Heap after GC invocations=341 (full 17):
 PSYoungGen      total 3584K, used 352K [0x00000000eab00000, 0x00000000eb000000, 0x0000000100000000)
  eden space 3072K, 0% used [0x00000000eab00000,0x00000000eab00000,0x00000000eae00000)
  from space 512K, 68% used [0x00000000eaf80000,0x00000000eafd8000,0x00000000eb000000)
  to   space 1024K, 0% used [0x00000000eae00000,0x00000000eae00000,0x00000000eaf00000)
 ParOldGen       total 182272K, used 118375K [0x00000000c0000000, 0x00000000cb200000, 0x00000000eab00000)
  object space 182272K, 64% used [0x00000000c0000000,0x00000000c7399e98,0x00000000cb200000)
 Metaspace       used 82114K, committed 83520K, reserved 1179648K
  class space    used 8281K, committed 8960K, reserved 1048576K
}

