# JRE version: OpenJDK Runtime Environment Temurin-17.0.13+11 (17.0.13+11) (build 17.0.13+11)
# Java VM: OpenJDK 64-Bit Server VM Temurin-17.0.13+11 (17.0.13+11, mixed mode, tiered, compressed oops, compressed class ptrs, parallel gc, windows-amd64)
GC Precious Log:
 CPUs: 12 total, 12 available
 Memory: 16253M
 Large Page Support: Disabled
 NUMA Support: Disabled
 Compressed Oops: Enabled (32-bit)
 Alignments: Space 512K, Generation 512K, Heap 2M
 Heap Min Capacity: 100M
 Heap Initial Capacity: 100M
 Heap Max Capacity: 1G
 Pre-touch: Disabled
 Parallel Workers: 10
Heap:
 PSYoungGen      total 2048K, used 695K [0x00000000eab00000, 0x00000000eae80000, 0x0000000100000000)
  eden space 1536K, 23% used [0x00000000eab00000,0x00000000eab59c78,0x00000000eac80000)
  from space 512K, 65% used [0x00000000eae00000,0x00000000eae54010,0x00000000eae80000)
  to   space 512K, 0% used [0x00000000ead80000,0x00000000ead80000,0x00000000eae00000)
 ParOldGen       total 239616K, used 222873K [0x00000000c0000000, 0x00000000cea00000, 0x00000000eab00000)
  object space 239616K, 93% used [0x00000000c0000000,0x00000000cd9a6578,0x00000000cea00000)
 Metaspace       used 104625K, committed 105984K, reserved 1179648K
  class space    used 10139K, committed 10752K, reserved 1048576K
GC Heap History (20 events):
Event: 4640.513 GC heap before
{Heap before GC invocations=9004 (full 173):
 PSYoungGen      total 4096K, used 4064K [0x00000000eab00000, 0x00000000eb280000, 0x0000000100000000)
  eden space 2048K, 100% used [0x00000000eab00000,0x00000000ead00000,0x00000000ead00000)
  from space 2048K, 98% used [0x00000000eaf80000,0x00000000eb178000,0x00000000eb180000)
  to   space 2560K, 0% used [0x00000000ead00000,0x00000000ead00000,0x00000000eaf80000)
 ParOldGen       total 239616K, used 213236K [0x00000000c0000000, 0x00000000cea00000, 0x00000000eab00000)
  object space 239616K, 88% used [0x00000000c0000000,0x00000000cd03d370,0x00000000cea00000)
 Metaspace       used 104619K, committed 105984K, reserved 1179648K
  class space    used 10139K, committed 10752K, reserved 1048576K
}
Event: 4640.514 GC heap after
{Heap after GC invocations=9004 (full 173):
 PSYoungGen      total 4608K, used 1568K [0x00000000eab00000, 0x00000000eb180000, 0x0000000100000000)
  eden space 2048K, 0% used [0x00000000eab00000,0x00000000eab00000,0x00000000ead00000)
  from space 2560K, 61% used [0x00000000ead00000,0x00000000eae88000,0x00000000eaf80000)
  to   space 2048K, 0% used [0x00000000eaf80000,0x00000000eaf80000,0x00000000eb180000)
 ParOldGen       total 239616K, used 215100K [0x00000000c0000000, 0x00000000cea00000, 0x00000000eab00000)
  object space 239616K, 89% used [0x00000000c0000000,0x00000000cd20f370,0x00000000cea00000)
 Metaspace       used 104619K, committed 105984K, reserved 1179648K
  class space    used 10139K, committed 10752K, reserved 1048576K
}
Event: 4640.519 GC heap before
{Heap before GC invocations=9005 (full 173):
 PSYoungGen      total 4608K, used 3616K [0x00000000eab00000, 0x00000000eb180000, 0x0000000100000000)
  eden space 2048K, 100% used [0x00000000eab00000,0x00000000ead00000,0x00000000ead00000)
  from space 2560K, 61% used [0x00000000ead00000,0x00000000eae88000,0x00000000eaf80000)
  to   space 2048K, 0% used [0x00000000eaf80000,0x00000000eaf80000,0x00000000eb180000)
 ParOldGen       total 239616K, used 215100K [0x00000000c0000000, 0x00000000cea00000, 0x00000000eab00000)
  object space 239616K, 89% used [0x00000000c0000000,0x00000000cd20f370,0x00000000cea00000)
 Metaspace       used 104619K, committed 105984K, reserved 1179648K
  class space    used 10139K, committed 10752K, reserved 1048576K
}
Event: 4640.521 GC heap after
{Heap after GC invocations=9005 (full 173):
 PSYoungGen      total 2560K, used 2048K [0x00000000eab00000, 0x00000000eb580000, 0x0000000100000000)
  eden space 512K, 0% used [0x00000000eab00000,0x00000000eab00000,0x00000000eab80000)
  from space 2048K, 100% used [0x00000000eaf80000,0x00000000eb180000,0x00000000eb180000)
  to   space 4096K, 0% used [0x00000000eab80000,0x00000000eab80000,0x00000000eaf80000)
 ParOldGen       total 239616K, used 216668K [0x00000000c0000000, 0x00000000cea00000, 0x00000000eab00000)
  object space 239616K, 90% used [0x00000000c0000000,0x00000000cd397370,0x00000000cea00000)
 Metaspace       used 104619K, committed 105984K, reserved 1179648K
  class space    used 10139K, committed 10752K, reserved 1048576K
}
Event: 4640.522 GC heap before
{Heap before GC invocations=9006 (full 173):
 PSYoungGen      total 2560K, used 2560K [0x00000000eab00000, 0x00000000eb580000, 0x0000000100000000)
  eden space 512K, 100% used [0x00000000eab00000,0x00000000eab80000,0x00000000eab80000)
  from space 2048K, 100% used [0x00000000eaf80000,0x00000000eb180000,0x00000000eb180000)
  to   space 4096K, 0% used [0x00000000eab80000,0x00000000eab80000,0x00000000eaf80000)
 ParOldGen       total 239616K, used 216668K [0x00000000c0000000, 0x00000000cea00000, 0x00000000eab00000)
  object space 239616K, 90% used [0x00000000c0000000,0x00000000cd397370,0x00000000cea00000)
 Metaspace       used 104619K, committed 105984K, reserved 1179648K
  class space    used 10139K, committed 10752K, reserved 1048576K
}
Event: 4640.524 GC heap after
{Heap after GC invocations=9006 (full 173):
 PSYoungGen      total 1536K, used 640K [0x00000000eab00000, 0x00000000eb000000, 0x0000000100000000)
  eden space 512K, 0% used [0x00000000eab00000,0x00000000eab00000,0x00000000eab80000)
  from space 1024K, 62% used [0x00000000eab80000,0x00000000eac20000,0x00000000eac80000)
  to   space 2048K, 0% used [0x00000000eae00000,0x00000000eae00000,0x00000000eb000000)
 ParOldGen       total 239616K, used 218676K [0x00000000c0000000, 0x00000000cea00000, 0x00000000eab00000)
  object space 239616K, 91% used [0x00000000c0000000,0x00000000cd58d370,0x00000000cea00000)
 Metaspace       used 104619K, committed 105984K, reserved 1179648K
  class space    used 10139K, committed 10752K, reserved 1048576K
}
Event: 4640.526 GC heap before
{Heap before GC invocations=9007 (full 173):
 PSYoungGen      total 1536K, used 1152K [0x00000000eab00000, 0x00000000eb000000, 0x0000000100000000)
  eden space 512K, 100% used [0x00000000eab00000,0x00000000eab80000,0x00000000eab80000)
  from space 1024K, 62% used [0x00000000eab80000,0x00000000eac20000,0x00000000eac80000)
  to   space 2048K, 0% used [0x00000000eae00000,0x00000000eae00000,0x00000000eb000000)
 ParOldGen       total 239616K, used 218676K [0x00000000c0000000, 0x00000000cea00000, 0x00000000eab00000)
  object space 239616K, 91% used [0x00000000c0000000,0x00000000cd58d370,0x00000000cea00000)
 Metaspace       used 104619K, committed 105984K, reserved 1179648K
  class space    used 10139K, committed 10752K, reserved 1048576K
}
Event: 4640.527 GC heap after
{Heap after GC invocations=9007 (full 173):
 PSYoungGen      total 2048K, used 608K [0x00000000eab00000, 0x00000000eaf00000, 0x0000000100000000)
  eden space 1024K, 0% used [0x00000000eab00000,0x00000000eab00000,0x00000000eac00000)
  from space 1024K, 59% used [0x00000000eae00000,0x00000000eae98000,0x00000000eaf00000)
  to   space 1024K, 0% used [0x00000000ead00000,0x00000000ead00000,0x00000000eae00000)
 ParOldGen       total 239616K, used 219180K [0x00000000c0000000, 0x00000000cea00000, 0x00000000eab00000)
  object space 239616K, 91% used [0x00000000c0000000,0x00000000cd60b370,0x00000000cea00000)
 Metaspace       used 104619K, committed 105984K, reserved 1179648K
  class space    used 10139K, committed 10752K, reserved 1048576K
}
Event: 4640.532 GC heap before
{Heap before GC invocations=9008 (full 173):
 PSYoungGen      total 2048K, used 1632K [0x00000000eab00000, 0x00000000eaf00000, 0x0000000100000000)
  eden space 1024K, 100% used [0x00000000eab00000,0x00000000eac00000,0x00000000eac00000)
  from space 1024K, 59% used [0x00000000eae00000,0x00000000eae98000,0x00000000eaf00000)
  to   space 1024K, 0% used [0x00000000ead00000,0x00000000ead00000,0x00000000eae00000)
 ParOldGen       total 239616K, used 219180K [0x00000000c0000000, 0x00000000cea00000, 0x00000000eab00000)
  object space 239616K, 91% used [0x00000000c0000000,0x00000000cd60b370,0x00000000cea00000)
 Metaspace       used 104619K, committed 105984K, reserved 1179648K
  class space    used 10139K, committed 10752K, reserved 1048576K
}
Event: 4640.534 GC heap after
{Heap after GC invocations=9008 (full 173):
 PSYoungGen      total 2560K, used 888K [0x00000000eab00000, 0x00000000eae80000, 0x0000000100000000)
  eden space 1536K, 0% used [0x00000000eab00000,0x00000000eab00000,0x00000000eac80000)
  from space 1024K, 86% used [0x00000000ead00000,0x00000000eadde000,0x00000000eae00000)
  to   space 512K, 0% used [0x00000000eae00000,0x00000000eae00000,0x00000000eae80000)
 ParOldGen       total 239616K, used 219628K [0x00000000c0000000, 0x00000000cea00000, 0x00000000eab00000)
  object space 239616K, 91% used [0x00000000c0000000,0x00000000cd67b370,0x00000000cea00000)
 Metaspace       used 104619K, committed 105984K, reserved 1179648K
  class space    used 10139K, committed 10752K, reserved 1048576K
}
Event: 4640.542 GC heap before
{Heap before GC invocations=9009 (full 173):
 PSYoungGen      total 2560K, used 2424K [0x00000000eab00000, 0x00000000eae80000, 0x0000000100000000)
  eden space 1536K, 100% used [0x00000000eab00000,0x00000000eac80000,0x00000000eac80000)
  from space 1024K, 86% used [0x00000000ead00000,0x00000000eadde000,0x00000000eae00000)
  to   space 512K, 0% used [0x00000000eae00000,0x00000000eae00000,0x00000000eae80000)
 ParOldGen       total 239616K, used 219628K [0x00000000c0000000, 0x00000000cea00000, 0x00000000eab00000)
  object space 239616K, 91% used [0x00000000c0000000,0x00000000cd67b370,0x00000000cea00000)
 Metaspace       used 104619K, committed 105984K, reserved 1179648K
  class space    used 10139K, committed 10752K, reserved 1048576K
}
Event: 4640.544 GC heap after
{Heap after GC invocations=9009 (full 173):
 PSYoungGen      total 1536K, used 504K [0x00000000eab00000, 0x00000000eb100000, 0x0000000100000000)
  eden space 1024K, 0% used [0x00000000eab00000,0x00000000eab00000,0x00000000eac00000)
  from space 512K, 98% used [0x00000000eae00000,0x00000000eae7e000,0x00000000eae80000)
  to   space 2048K, 0% used [0x00000000eac00000,0x00000000eac00000,0x00000000eae00000)
 ParOldGen       total 239616K, used 220588K [0x00000000c0000000, 0x00000000cea00000, 0x00000000eab00000)
  object space 239616K, 92% used [0x00000000c0000000,0x00000000cd76b370,0x00000000cea00000)
 Metaspace       used 104619K, committed 105984K, reserved 1179648K
  class space    used 10139K, committed 10752K, reserved 1048576K
}
Event: 4640.550 GC heap before
{Heap before GC invocations=9010 (full 173):
 PSYoungGen      total 1536K, used 1527K [0x00000000eab00000, 0x00000000eb100000, 0x0000000100000000)
  eden space 1024K, 99% used [0x00000000eab00000,0x00000000eabfffe0,0x00000000eac00000)
  from space 512K, 98% used [0x00000000eae00000,0x00000000eae7e000,0x00000000eae80000)
  to   space 2048K, 0% used [0x00000000eac00000,0x00000000eac00000,0x00000000eae00000)
 ParOldGen       total 239616K, used 221148K [0x00000000c0000000, 0x00000000cea00000, 0x00000000eab00000)
  object space 239616K, 92% used [0x00000000c0000000,0x00000000cd7f7370,0x00000000cea00000)
 Metaspace       used 104619K, committed 105984K, reserved 1179648K
  class space    used 10139K, committed 10752K, reserved 1048576K
}
Event: 4640.551 GC heap after
{Heap after GC invocations=9010 (full 173):
 PSYoungGen      total 3072K, used 880K [0x00000000eab00000, 0x00000000eaf80000, 0x0000000100000000)
  eden space 1024K, 0% used [0x00000000eab00000,0x00000000eab00000,0x00000000eac00000)
  from space 2048K, 42% used [0x00000000eac00000,0x00000000eacdc000,0x00000000eae00000)
  to   space 1536K, 0% used [0x00000000eae00000,0x00000000eae00000,0x00000000eaf80000)
 ParOldGen       total 239616K, used 221700K [0x00000000c0000000, 0x00000000cea00000, 0x00000000eab00000)
  object space 239616K, 92% used [0x00000000c0000000,0x00000000cd881370,0x00000000cea00000)
 Metaspace       used 104619K, committed 105984K, reserved 1179648K
  class space    used 10139K, committed 10752K, reserved 1048576K
}
Event: 4640.594 GC heap before
{Heap before GC invocations=9011 (full 173):
 PSYoungGen      total 3072K, used 1904K [0x00000000eab00000, 0x00000000eaf80000, 0x0000000100000000)
  eden space 1024K, 100% used [0x00000000eab00000,0x00000000eac00000,0x00000000eac00000)
  from space 2048K, 42% used [0x00000000eac00000,0x00000000eacdc000,0x00000000eae00000)
  to   space 1536K, 0% used [0x00000000eae00000,0x00000000eae00000,0x00000000eaf80000)
 ParOldGen       total 239616K, used 221700K [0x00000000c0000000, 0x00000000cea00000, 0x00000000eab00000)
  object space 239616K, 92% used [0x00000000c0000000,0x00000000cd881370,0x00000000cea00000)
 Metaspace       used 104619K, committed 105984K, reserved 1179648K
  class space    used 10139K, committed 10752K, reserved 1048576K
}
Event: 4640.596 GC heap after
{Heap after GC invocations=9011 (full 173):
 PSYoungGen      total 2560K, used 576K [0x00000000eab00000, 0x00000000eaf00000, 0x0000000100000000)
  eden space 1536K, 0% used [0x00000000eab00000,0x00000000eab00000,0x00000000eac80000)
  from space 1024K, 56% used [0x00000000eae00000,0x00000000eae90000,0x00000000eaf00000)
  to   space 1024K, 0% used [0x00000000ead00000,0x00000000ead00000,0x00000000eae00000)
 ParOldGen       total 239616K, used 222364K [0x00000000c0000000, 0x00000000cea00000, 0x00000000eab00000)
  object space 239616K, 92% used [0x00000000c0000000,0x00000000cd927370,0x00000000cea00000)
 Metaspace       used 104619K, committed 105984K, reserved 1179648K
  class space    used 10139K, committed 10752K, reserved 1048576K
}
Event: 4649.483 GC heap before
{Heap before GC invocations=9012 (full 173):
 PSYoungGen      total 2560K, used 2111K [0x00000000eab00000, 0x00000000eaf00000, 0x0000000100000000)
  eden space 1536K, 99% used [0x00000000eab00000,0x00000000eac7ff70,0x00000000eac80000)
  from space 1024K, 56% used [0x00000000eae00000,0x00000000eae90000,0x00000000eaf00000)
  to   space 1024K, 0% used [0x00000000ead00000,0x00000000ead00000,0x00000000eae00000)
 ParOldGen       total 239616K, used 222364K [0x00000000c0000000, 0x00000000cea00000, 0x00000000eab00000)
  object space 239616K, 92% used [0x00000000c0000000,0x00000000cd927370,0x00000000cea00000)
 Metaspace       used 104624K, committed 105984K, reserved 1179648K
  class space    used 10139K, committed 10752K, reserved 1048576K
}
Event: 4649.484 GC heap after
{Heap after GC invocations=9012 (full 173):
 PSYoungGen      total 2560K, used 320K [0x00000000eab00000, 0x00000000eae80000, 0x0000000100000000)
  eden space 1536K, 0% used [0x00000000eab00000,0x00000000eab00000,0x00000000eac80000)
  from space 1024K, 31% used [0x00000000ead00000,0x00000000ead50000,0x00000000eae00000)
  to   space 512K, 0% used [0x00000000eae00000,0x00000000eae00000,0x00000000eae80000)
 ParOldGen       total 239616K, used 222788K [0x00000000c0000000, 0x00000000cea00000, 0x00000000eab00000)
  object space 239616K, 92% used [0x00000000c0000000,0x00000000cd991370,0x00000000cea00000)
 Metaspace       used 104624K, committed 105984K, reserved 1179648K
  class space    used 10139K, committed 10752K, reserved 1048576K
}
Event: 4649.505 GC heap before
{Heap before GC invocations=9013 (full 173):
 PSYoungGen      total 2560K, used 1856K [0x00000000eab00000, 0x00000000eae80000, 0x0000000100000000)
  eden space 1536K, 100% used [0x00000000eab00000,0x00000000eac80000,0x00000000eac80000)
  from space 1024K, 31% used [0x00000000ead00000,0x00000000ead50000,0x00000000eae00000)
  to   space 512K, 0% used [0x00000000eae00000,0x00000000eae00000,0x00000000eae80000)
 ParOldGen       total 239616K, used 222788K [0x00000000c0000000, 0x00000000cea00000, 0x00000000eab00000)
  object space 239616K, 92% used [0x00000000c0000000,0x00000000cd991370,0x00000000cea00000)
 Metaspace       used 104624K, committed 105984K, reserved 1179648K
  class space    used 10139K, committed 10752K, reserved 1048576K
}
Event: 4649.506 GC heap after
{Heap after GC invocations=9013 (full 173):
 PSYoungGen      total 2048K, used 336K [0x00000000eab00000, 0x00000000eae80000, 0x0000000100000000)
  eden space 1536K, 0% used [0x00000000eab00000,0x00000000eab00000,0x00000000eac80000)
  from space 512K, 65% used [0x00000000eae00000,0x00000000eae54010,0x00000000eae80000)
  to   space 512K, 0% used [0x00000000ead80000,0x00000000ead80000,0x00000000eae00000)
 ParOldGen       total 239616K, used 222873K [0x00000000c0000000, 0x00000000cea00000, 0x00000000eab00000)
  object space 239616K, 93% used [0x00000000c0000000,0x00000000cd9a6578,0x00000000cea00000)
 Metaspace       used 104624K, committed 105984K, reserved 1179648K
  class space    used 10139K, committed 10752K, reserved 1048576K
}

